The system is: Darwin - 20.3.0 - x86_64
Checking whether the ASM compiler is Clang using "--version" matched "(clang version)":
Apple clang version 12.0.0 (clang-1200.0.32.29)
Target: x86_64-apple-darwin20.3.0
Thread model: posix
InstalledDir: /Library/Developer/CommandLineTools/usr/bin
Compiling the C compiler identification source file "CMakeCCompilerId.c" succeeded.
Compiler: /Library/Developer/CommandLineTools/usr/bin/cc 
Build flags: 
Id flags: -c 

The output was:
0


Compilation of the C compiler identification source "CMakeCCompilerId.c" produced "CMakeCCompilerId.o"

The C compiler identification is AppleClang, found in "/Users/sven/arbeit/programmiersprachen/CPP/webdabplus/src/libs/fec/CMakeFiles/3.20.0/CompilerIdC/CMakeCCompilerId.o"

Detecting C compiler ABI info compiled with the following output:
Change Dir: /Users/sven/arbeit/programmiersprachen/CPP/webdabplus/src/libs/fec/CMakeFiles/CMakeTmp

Run Build Command(s):/usr/bin/make -f Makefile cmTC_b12a5/fast && /Library/Developer/CommandLineTools/usr/bin/make  -f CMakeFiles/cmTC_b12a5.dir/build.make CMakeFiles/cmTC_b12a5.dir/build
Building C object CMakeFiles/cmTC_b12a5.dir/CMakeCCompilerABI.c.o
/Library/Developer/CommandLineTools/usr/bin/cc   -isysroot /Library/Developer/CommandLineTools/SDKs/MacOSX11.1.sdk   -v -Wl,-v -MD -MT CMakeFiles/cmTC_b12a5.dir/CMakeCCompilerABI.c.o -MF CMakeFiles/cmTC_b12a5.dir/CMakeCCompilerABI.c.o.d -o CMakeFiles/cmTC_b12a5.dir/CMakeCCompilerABI.c.o -c /usr/local/Cellar/cmake/3.20.0/share/cmake/Modules/CMakeCCompilerABI.c
Apple clang version 12.0.0 (clang-1200.0.32.29)
Target: x86_64-apple-darwin20.3.0
Thread model: posix
InstalledDir: /Library/Developer/CommandLineTools/usr/bin
clang: warning: -Wl,-v: 'linker' input unused [-Wunused-command-line-argument]
 "/Library/Developer/CommandLineTools/usr/bin/clang" -cc1 -triple x86_64-apple-macosx11.0.0 -Wdeprecated-objc-isa-usage -Werror=deprecated-objc-isa-usage -Werror=implicit-function-declaration -emit-obj -mrelax-all -disable-free -disable-llvm-verifier -discard-value-names -main-file-name CMakeCCompilerABI.c -mrelocation-model pic -pic-level 2 -mthread-model posix -mframe-pointer=all -fno-strict-return -masm-verbose -munwind-tables -target-sdk-version=11.1 -target-cpu penryn -dwarf-column-info -debugger-tuning=lldb -target-linker-version 609.8 -v -resource-dir /Library/Developer/CommandLineTools/usr/lib/clang/12.0.0 -dependency-file CMakeFiles/cmTC_b12a5.dir/CMakeCCompilerABI.c.o.d -skip-unused-modulemap-deps -MT CMakeFiles/cmTC_b12a5.dir/CMakeCCompilerABI.c.o -sys-header-deps -isysroot /Library/Developer/CommandLineTools/SDKs/MacOSX11.1.sdk -internal-isystem /Library/Developer/CommandLineTools/SDKs/MacOSX11.1.sdk/usr/local/include -internal-isystem /Library/Developer/CommandLineTools/usr/lib/clang/12.0.0/include -internal-externc-isystem /Library/Developer/CommandLineTools/SDKs/MacOSX11.1.sdk/usr/include -internal-externc-isystem /Library/Developer/CommandLineTools/usr/include -Wno-reorder-init-list -Wno-implicit-int-float-conversion -Wno-c99-designator -Wno-final-dtor-non-final-class -Wno-extra-semi-stmt -Wno-misleading-indentation -Wno-quoted-include-in-framework-header -Wno-implicit-fallthrough -Wno-enum-enum-conversion -Wno-enum-float-conversion -fdebug-compilation-dir /Users/sven/arbeit/programmiersprachen/CPP/webdabplus/src/libs/fec/CMakeFiles/CMakeTmp -ferror-limit 19 -fmessage-length 0 -stack-protector 1 -fstack-check -mdarwin-stkchk-strong-link -fblocks -fencode-extended-block-signature -fregister-global-dtors-with-atexit -fgnuc-version=4.2.1 -fobjc-runtime=macosx-11.0.0 -fmax-type-align=16 -fdiagnostics-show-option -o CMakeFiles/cmTC_b12a5.dir/CMakeCCompilerABI.c.o -x c /usr/local/Cellar/cmake/3.20.0/share/cmake/Modules/CMakeCCompilerABI.c
clang -cc1 version 12.0.0 (clang-1200.0.32.29) default target x86_64-apple-darwin20.3.0
ignoring nonexistent directory "/Library/Developer/CommandLineTools/SDKs/MacOSX11.1.sdk/usr/local/include"
ignoring nonexistent directory "/Library/Developer/CommandLineTools/SDKs/MacOSX11.1.sdk/Library/Frameworks"
#include "..." search starts here:
#include <...> search starts here:
 /Library/Developer/CommandLineTools/usr/lib/clang/12.0.0/include
 /Library/Developer/CommandLineTools/SDKs/MacOSX11.1.sdk/usr/include
 /Library/Developer/CommandLineTools/usr/include
 /Library/Developer/CommandLineTools/SDKs/MacOSX11.1.sdk/System/Library/Frameworks (framework directory)
End of search list.
Linking C executable cmTC_b12a5
/usr/local/Cellar/cmake/3.20.0/bin/cmake -E cmake_link_script CMakeFiles/cmTC_b12a5.dir/link.txt --verbose=1
/Library/Developer/CommandLineTools/usr/bin/cc  -isysroot /Library/Developer/CommandLineTools/SDKs/MacOSX11.1.sdk -Wl,-search_paths_first -Wl,-headerpad_max_install_names  -v -Wl,-v CMakeFiles/cmTC_b12a5.dir/CMakeCCompilerABI.c.o -o cmTC_b12a5 
Apple clang version 12.0.0 (clang-1200.0.32.29)
Target: x86_64-apple-darwin20.3.0
Thread model: posix
InstalledDir: /Library/Developer/CommandLineTools/usr/bin
 "/Library/Developer/CommandLineTools/usr/bin/ld" -demangle -lto_library /Library/Developer/CommandLineTools/usr/lib/libLTO.dylib -dynamic -arch x86_64 -platform_version macos 11.0.0 11.1 -syslibroot /Library/Developer/CommandLineTools/SDKs/MacOSX11.1.sdk -o cmTC_b12a5 -L/Users/sven/Installed/lib -L/usr/local/opt/librtlsdr/lib -L/usr/local/opt/mpg123/lib -L/usr/local/opt/faad2/lib -L/usr/local/opt/fftw3/lib -L/usr/local/opt/fftw/lib -L/usr/local/lib -L/usr/local/opt/boost/lib -search_paths_first -headerpad_max_install_names -v CMakeFiles/cmTC_b12a5.dir/CMakeCCompilerABI.c.o -lSystem /Library/Developer/CommandLineTools/usr/lib/clang/12.0.0/lib/darwin/libclang_rt.osx.a
@(#)PROGRAM:ld  PROJECT:ld64-609.8
BUILD 15:07:46 Dec 18 2020
configured to support archs: armv6 armv7 armv7s arm64 arm64e arm64_32 i386 x86_64 x86_64h armv6m armv7k armv7m armv7em
ld: warning: directory not found for option '-L/Users/sven/Installed/lib'
ld: warning: directory not found for option '-L/usr/local/opt/fftw3/lib'
Library search paths:
	/usr/local/opt/librtlsdr/lib
	/usr/local/opt/mpg123/lib
	/usr/local/opt/faad2/lib
	/usr/local/opt/fftw/lib
	/usr/local/lib
	/usr/local/opt/boost/lib
	/Library/Developer/CommandLineTools/SDKs/MacOSX11.1.sdk/usr/lib
Framework search paths:
	/Library/Developer/CommandLineTools/SDKs/MacOSX11.1.sdk/System/Library/Frameworks/



Parsed C implicit include dir info from above output: rv=done
  found start of include info
  found start of implicit include info
    add: [/Library/Developer/CommandLineTools/usr/lib/clang/12.0.0/include]
    add: [/Library/Developer/CommandLineTools/SDKs/MacOSX11.1.sdk/usr/include]
    add: [/Library/Developer/CommandLineTools/usr/include]
  end of search list found
  collapse include dir [/Library/Developer/CommandLineTools/usr/lib/clang/12.0.0/include] ==> [/Library/Developer/CommandLineTools/usr/lib/clang/12.0.0/include]
  collapse include dir [/Library/Developer/CommandLineTools/SDKs/MacOSX11.1.sdk/usr/include] ==> [/Library/Developer/CommandLineTools/SDKs/MacOSX11.1.sdk/usr/include]
  collapse include dir [/Library/Developer/CommandLineTools/usr/include] ==> [/Library/Developer/CommandLineTools/usr/include]
  implicit include dirs: [/Library/Developer/CommandLineTools/usr/lib/clang/12.0.0/include;/Library/Developer/CommandLineTools/SDKs/MacOSX11.1.sdk/usr/include;/Library/Developer/CommandLineTools/usr/include]


Parsed C implicit link information from above output:
  link line regex: [^( *|.*[/\])(ld|CMAKE_LINK_STARTFILE-NOTFOUND|([^/\]+-)?ld|collect2)[^/\]*( |$)]
  ignore line: [Change Dir: /Users/sven/arbeit/programmiersprachen/CPP/webdabplus/src/libs/fec/CMakeFiles/CMakeTmp]
  ignore line: []
  ignore line: [Run Build Command(s):/usr/bin/make -f Makefile cmTC_b12a5/fast && /Library/Developer/CommandLineTools/usr/bin/make  -f CMakeFiles/cmTC_b12a5.dir/build.make CMakeFiles/cmTC_b12a5.dir/build]
  ignore line: [Building C object CMakeFiles/cmTC_b12a5.dir/CMakeCCompilerABI.c.o]
  ignore line: [/Library/Developer/CommandLineTools/usr/bin/cc   -isysroot /Library/Developer/CommandLineTools/SDKs/MacOSX11.1.sdk   -v -Wl -v -MD -MT CMakeFiles/cmTC_b12a5.dir/CMakeCCompilerABI.c.o -MF CMakeFiles/cmTC_b12a5.dir/CMakeCCompilerABI.c.o.d -o CMakeFiles/cmTC_b12a5.dir/CMakeCCompilerABI.c.o -c /usr/local/Cellar/cmake/3.20.0/share/cmake/Modules/CMakeCCompilerABI.c]
  ignore line: [Apple clang version 12.0.0 (clang-1200.0.32.29)]
  ignore line: [Target: x86_64-apple-darwin20.3.0]
  ignore line: [Thread model: posix]
  ignore line: [InstalledDir: /Library/Developer/CommandLineTools/usr/bin]
  ignore line: [clang: warning: -Wl -v: 'linker' input unused [-Wunused-command-line-argument]]
  ignore line: [ "/Library/Developer/CommandLineTools/usr/bin/clang" -cc1 -triple x86_64-apple-macosx11.0.0 -Wdeprecated-objc-isa-usage -Werror=deprecated-objc-isa-usage -Werror=implicit-function-declaration -emit-obj -mrelax-all -disable-free -disable-llvm-verifier -discard-value-names -main-file-name CMakeCCompilerABI.c -mrelocation-model pic -pic-level 2 -mthread-model posix -mframe-pointer=all -fno-strict-return -masm-verbose -munwind-tables -target-sdk-version=11.1 -target-cpu penryn -dwarf-column-info -debugger-tuning=lldb -target-linker-version 609.8 -v -resource-dir /Library/Developer/CommandLineTools/usr/lib/clang/12.0.0 -dependency-file CMakeFiles/cmTC_b12a5.dir/CMakeCCompilerABI.c.o.d -skip-unused-modulemap-deps -MT CMakeFiles/cmTC_b12a5.dir/CMakeCCompilerABI.c.o -sys-header-deps -isysroot /Library/Developer/CommandLineTools/SDKs/MacOSX11.1.sdk -internal-isystem /Library/Developer/CommandLineTools/SDKs/MacOSX11.1.sdk/usr/local/include -internal-isystem /Library/Developer/CommandLineTools/usr/lib/clang/12.0.0/include -internal-externc-isystem /Library/Developer/CommandLineTools/SDKs/MacOSX11.1.sdk/usr/include -internal-externc-isystem /Library/Developer/CommandLineTools/usr/include -Wno-reorder-init-list -Wno-implicit-int-float-conversion -Wno-c99-designator -Wno-final-dtor-non-final-class -Wno-extra-semi-stmt -Wno-misleading-indentation -Wno-quoted-include-in-framework-header -Wno-implicit-fallthrough -Wno-enum-enum-conversion -Wno-enum-float-conversion -fdebug-compilation-dir /Users/sven/arbeit/programmiersprachen/CPP/webdabplus/src/libs/fec/CMakeFiles/CMakeTmp -ferror-limit 19 -fmessage-length 0 -stack-protector 1 -fstack-check -mdarwin-stkchk-strong-link -fblocks -fencode-extended-block-signature -fregister-global-dtors-with-atexit -fgnuc-version=4.2.1 -fobjc-runtime=macosx-11.0.0 -fmax-type-align=16 -fdiagnostics-show-option -o CMakeFiles/cmTC_b12a5.dir/CMakeCCompilerABI.c.o -x c /usr/local/Cellar/cmake/3.20.0/share/cmake/Modules/CMakeCCompilerABI.c]
  ignore line: [clang -cc1 version 12.0.0 (clang-1200.0.32.29) default target x86_64-apple-darwin20.3.0]
  ignore line: [ignoring nonexistent directory "/Library/Developer/CommandLineTools/SDKs/MacOSX11.1.sdk/usr/local/include"]
  ignore line: [ignoring nonexistent directory "/Library/Developer/CommandLineTools/SDKs/MacOSX11.1.sdk/Library/Frameworks"]
  ignore line: [#include "..." search starts here:]
  ignore line: [#include <...> search starts here:]
  ignore line: [ /Library/Developer/CommandLineTools/usr/lib/clang/12.0.0/include]
  ignore line: [ /Library/Developer/CommandLineTools/SDKs/MacOSX11.1.sdk/usr/include]
  ignore line: [ /Library/Developer/CommandLineTools/usr/include]
  ignore line: [ /Library/Developer/CommandLineTools/SDKs/MacOSX11.1.sdk/System/Library/Frameworks (framework directory)]
  ignore line: [End of search list.]
  ignore line: [Linking C executable cmTC_b12a5]
  ignore line: [/usr/local/Cellar/cmake/3.20.0/bin/cmake -E cmake_link_script CMakeFiles/cmTC_b12a5.dir/link.txt --verbose=1]
  ignore line: [/Library/Developer/CommandLineTools/usr/bin/cc  -isysroot /Library/Developer/CommandLineTools/SDKs/MacOSX11.1.sdk -Wl -search_paths_first -Wl -headerpad_max_install_names  -v -Wl -v CMakeFiles/cmTC_b12a5.dir/CMakeCCompilerABI.c.o -o cmTC_b12a5 ]
  ignore line: [Apple clang version 12.0.0 (clang-1200.0.32.29)]
  ignore line: [Target: x86_64-apple-darwin20.3.0]
  ignore line: [Thread model: posix]
  ignore line: [InstalledDir: /Library/Developer/CommandLineTools/usr/bin]
  link line: [ "/Library/Developer/CommandLineTools/usr/bin/ld" -demangle -lto_library /Library/Developer/CommandLineTools/usr/lib/libLTO.dylib -dynamic -arch x86_64 -platform_version macos 11.0.0 11.1 -syslibroot /Library/Developer/CommandLineTools/SDKs/MacOSX11.1.sdk -o cmTC_b12a5 -L/Users/sven/Installed/lib -L/usr/local/opt/librtlsdr/lib -L/usr/local/opt/mpg123/lib -L/usr/local/opt/faad2/lib -L/usr/local/opt/fftw3/lib -L/usr/local/opt/fftw/lib -L/usr/local/lib -L/usr/local/opt/boost/lib -search_paths_first -headerpad_max_install_names -v CMakeFiles/cmTC_b12a5.dir/CMakeCCompilerABI.c.o -lSystem /Library/Developer/CommandLineTools/usr/lib/clang/12.0.0/lib/darwin/libclang_rt.osx.a]
    arg [/Library/Developer/CommandLineTools/usr/bin/ld] ==> ignore
    arg [-demangle] ==> ignore
    arg [-lto_library] ==> ignore, skip following value
    arg [/Library/Developer/CommandLineTools/usr/lib/libLTO.dylib] ==> skip value of -lto_library
    arg [-dynamic] ==> ignore
    arg [-arch] ==> ignore
    arg [x86_64] ==> ignore
    arg [-platform_version] ==> ignore
    arg [macos] ==> ignore
    arg [11.0.0] ==> ignore
    arg [11.1] ==> ignore
    arg [-syslibroot] ==> ignore
    arg [/Library/Developer/CommandLineTools/SDKs/MacOSX11.1.sdk] ==> ignore
    arg [-o] ==> ignore
    arg [cmTC_b12a5] ==> ignore
    arg [-L/Users/sven/Installed/lib] ==> dir [/Users/sven/Installed/lib]
    arg [-L/usr/local/opt/librtlsdr/lib] ==> dir [/usr/local/opt/librtlsdr/lib]
    arg [-L/usr/local/opt/mpg123/lib] ==> dir [/usr/local/opt/mpg123/lib]
    arg [-L/usr/local/opt/faad2/lib] ==> dir [/usr/local/opt/faad2/lib]
    arg [-L/usr/local/opt/fftw3/lib] ==> dir [/usr/local/opt/fftw3/lib]
    arg [-L/usr/local/opt/fftw/lib] ==> dir [/usr/local/opt/fftw/lib]
    arg [-L/usr/local/lib] ==> dir [/usr/local/lib]
    arg [-L/usr/local/opt/boost/lib] ==> dir [/usr/local/opt/boost/lib]
    arg [-search_paths_first] ==> ignore
    arg [-headerpad_max_install_names] ==> ignore
    arg [-v] ==> ignore
    arg [CMakeFiles/cmTC_b12a5.dir/CMakeCCompilerABI.c.o] ==> ignore
    arg [-lSystem] ==> lib [System]
    arg [/Library/Developer/CommandLineTools/usr/lib/clang/12.0.0/lib/darwin/libclang_rt.osx.a] ==> lib [/Library/Developer/CommandLineTools/usr/lib/clang/12.0.0/lib/darwin/libclang_rt.osx.a]
  Library search paths: [;/usr/local/opt/librtlsdr/lib;/usr/local/opt/mpg123/lib;/usr/local/opt/faad2/lib;/usr/local/opt/fftw/lib;/usr/local/lib;/usr/local/opt/boost/lib;/Library/Developer/CommandLineTools/SDKs/MacOSX11.1.sdk/usr/lib]
  Framework search paths: [;/Library/Developer/CommandLineTools/SDKs/MacOSX11.1.sdk/System/Library/Frameworks/]
  remove lib [System]
  remove lib [/Library/Developer/CommandLineTools/usr/lib/clang/12.0.0/lib/darwin/libclang_rt.osx.a]
  collapse library dir [/Users/sven/Installed/lib] ==> [/Users/sven/Installed/lib]
  collapse library dir [/usr/local/opt/librtlsdr/lib] ==> [/usr/local/opt/librtlsdr/lib]
  collapse library dir [/usr/local/opt/mpg123/lib] ==> [/usr/local/opt/mpg123/lib]
  collapse library dir [/usr/local/opt/faad2/lib] ==> [/usr/local/opt/faad2/lib]
  collapse library dir [/usr/local/opt/fftw3/lib] ==> [/usr/local/opt/fftw3/lib]
  collapse library dir [/usr/local/opt/fftw/lib] ==> [/usr/local/opt/fftw/lib]
  collapse library dir [/usr/local/lib] ==> [/usr/local/lib]
  collapse library dir [/usr/local/opt/boost/lib] ==> [/usr/local/opt/boost/lib]
  collapse library dir [/usr/local/opt/librtlsdr/lib] ==> [/usr/local/opt/librtlsdr/lib]
  collapse library dir [/usr/local/opt/mpg123/lib] ==> [/usr/local/opt/mpg123/lib]
  collapse library dir [/usr/local/opt/faad2/lib] ==> [/usr/local/opt/faad2/lib]
  collapse library dir [/usr/local/opt/fftw/lib] ==> [/usr/local/opt/fftw/lib]
  collapse library dir [/usr/local/lib] ==> [/usr/local/lib]
  collapse library dir [/usr/local/opt/boost/lib] ==> [/usr/local/opt/boost/lib]
  collapse library dir [/Library/Developer/CommandLineTools/SDKs/MacOSX11.1.sdk/usr/lib] ==> [/Library/Developer/CommandLineTools/SDKs/MacOSX11.1.sdk/usr/lib]
  collapse framework dir [/Library/Developer/CommandLineTools/SDKs/MacOSX11.1.sdk/System/Library/Frameworks/] ==> [/Library/Developer/CommandLineTools/SDKs/MacOSX11.1.sdk/System/Library/Frameworks]
  implicit libs: []
  implicit dirs: [/Users/sven/Installed/lib;/usr/local/opt/librtlsdr/lib;/usr/local/opt/mpg123/lib;/usr/local/opt/faad2/lib;/usr/local/opt/fftw3/lib;/usr/local/opt/fftw/lib;/usr/local/lib;/usr/local/opt/boost/lib;/Library/Developer/CommandLineTools/SDKs/MacOSX11.1.sdk/usr/lib]
  implicit fwks: [/Library/Developer/CommandLineTools/SDKs/MacOSX11.1.sdk/System/Library/Frameworks]


Determining if the include file stdio.h exists passed with the following output:
Change Dir: /Users/sven/arbeit/programmiersprachen/CPP/webdabplus/src/libs/fec/CMakeFiles/CMakeTmp

Run Build Command(s):/usr/bin/make -f Makefile cmTC_156f2/fast && /Library/Developer/CommandLineTools/usr/bin/make  -f CMakeFiles/cmTC_156f2.dir/build.make CMakeFiles/cmTC_156f2.dir/build
Building C object CMakeFiles/cmTC_156f2.dir/CheckIncludeFile.c.o
/Library/Developer/CommandLineTools/usr/bin/cc   -isysroot /Library/Developer/CommandLineTools/SDKs/MacOSX11.1.sdk -MD -MT CMakeFiles/cmTC_156f2.dir/CheckIncludeFile.c.o -MF CMakeFiles/cmTC_156f2.dir/CheckIncludeFile.c.o.d -o CMakeFiles/cmTC_156f2.dir/CheckIncludeFile.c.o -c /Users/sven/arbeit/programmiersprachen/CPP/webdabplus/src/libs/fec/CMakeFiles/CMakeTmp/CheckIncludeFile.c
Linking C executable cmTC_156f2
/usr/local/Cellar/cmake/3.20.0/bin/cmake -E cmake_link_script CMakeFiles/cmTC_156f2.dir/link.txt --verbose=1
/Library/Developer/CommandLineTools/usr/bin/cc  -isysroot /Library/Developer/CommandLineTools/SDKs/MacOSX11.1.sdk -Wl,-search_paths_first -Wl,-headerpad_max_install_names CMakeFiles/cmTC_156f2.dir/CheckIncludeFile.c.o -o cmTC_156f2 
ld: warning: directory not found for option '-L/Users/sven/Installed/lib'
ld: warning: directory not found for option '-L/usr/local/opt/fftw3/lib'



Determining if the include file stdlib.h exists passed with the following output:
Change Dir: /Users/sven/arbeit/programmiersprachen/CPP/webdabplus/src/libs/fec/CMakeFiles/CMakeTmp

Run Build Command(s):/usr/bin/make -f Makefile cmTC_ffd2a/fast && /Library/Developer/CommandLineTools/usr/bin/make  -f CMakeFiles/cmTC_ffd2a.dir/build.make CMakeFiles/cmTC_ffd2a.dir/build
Building C object CMakeFiles/cmTC_ffd2a.dir/CheckIncludeFile.c.o
/Library/Developer/CommandLineTools/usr/bin/cc   -isysroot /Library/Developer/CommandLineTools/SDKs/MacOSX11.1.sdk -MD -MT CMakeFiles/cmTC_ffd2a.dir/CheckIncludeFile.c.o -MF CMakeFiles/cmTC_ffd2a.dir/CheckIncludeFile.c.o.d -o CMakeFiles/cmTC_ffd2a.dir/CheckIncludeFile.c.o -c /Users/sven/arbeit/programmiersprachen/CPP/webdabplus/src/libs/fec/CMakeFiles/CMakeTmp/CheckIncludeFile.c
Linking C executable cmTC_ffd2a
/usr/local/Cellar/cmake/3.20.0/bin/cmake -E cmake_link_script CMakeFiles/cmTC_ffd2a.dir/link.txt --verbose=1
/Library/Developer/CommandLineTools/usr/bin/cc  -isysroot /Library/Developer/CommandLineTools/SDKs/MacOSX11.1.sdk -Wl,-search_paths_first -Wl,-headerpad_max_install_names CMakeFiles/cmTC_ffd2a.dir/CheckIncludeFile.c.o -o cmTC_ffd2a 
ld: warning: directory not found for option '-L/Users/sven/Installed/lib'
ld: warning: directory not found for option '-L/usr/local/opt/fftw3/lib'



Determining if the include file string.h exists passed with the following output:
Change Dir: /Users/sven/arbeit/programmiersprachen/CPP/webdabplus/src/libs/fec/CMakeFiles/CMakeTmp

Run Build Command(s):/usr/bin/make -f Makefile cmTC_6850e/fast && /Library/Developer/CommandLineTools/usr/bin/make  -f CMakeFiles/cmTC_6850e.dir/build.make CMakeFiles/cmTC_6850e.dir/build
Building C object CMakeFiles/cmTC_6850e.dir/CheckIncludeFile.c.o
/Library/Developer/CommandLineTools/usr/bin/cc   -isysroot /Library/Developer/CommandLineTools/SDKs/MacOSX11.1.sdk -MD -MT CMakeFiles/cmTC_6850e.dir/CheckIncludeFile.c.o -MF CMakeFiles/cmTC_6850e.dir/CheckIncludeFile.c.o.d -o CMakeFiles/cmTC_6850e.dir/CheckIncludeFile.c.o -c /Users/sven/arbeit/programmiersprachen/CPP/webdabplus/src/libs/fec/CMakeFiles/CMakeTmp/CheckIncludeFile.c
Linking C executable cmTC_6850e
/usr/local/Cellar/cmake/3.20.0/bin/cmake -E cmake_link_script CMakeFiles/cmTC_6850e.dir/link.txt --verbose=1
/Library/Developer/CommandLineTools/usr/bin/cc  -isysroot /Library/Developer/CommandLineTools/SDKs/MacOSX11.1.sdk -Wl,-search_paths_first -Wl,-headerpad_max_install_names CMakeFiles/cmTC_6850e.dir/CheckIncludeFile.c.o -o cmTC_6850e 
ld: warning: directory not found for option '-L/Users/sven/Installed/lib'
ld: warning: directory not found for option '-L/usr/local/opt/fftw3/lib'



Determining if the function memset exists passed with the following output:
Change Dir: /Users/sven/arbeit/programmiersprachen/CPP/webdabplus/src/libs/fec/CMakeFiles/CMakeTmp

Run Build Command(s):/usr/bin/make -f Makefile cmTC_16323/fast && /Library/Developer/CommandLineTools/usr/bin/make  -f CMakeFiles/cmTC_16323.dir/build.make CMakeFiles/cmTC_16323.dir/build
Building C object CMakeFiles/cmTC_16323.dir/CheckFunctionExists.c.o
/Library/Developer/CommandLineTools/usr/bin/cc   -DCHECK_FUNCTION_EXISTS=memset -isysroot /Library/Developer/CommandLineTools/SDKs/MacOSX11.1.sdk -MD -MT CMakeFiles/cmTC_16323.dir/CheckFunctionExists.c.o -MF CMakeFiles/cmTC_16323.dir/CheckFunctionExists.c.o.d -o CMakeFiles/cmTC_16323.dir/CheckFunctionExists.c.o -c /usr/local/Cellar/cmake/3.20.0/share/cmake/Modules/CheckFunctionExists.c
/usr/local/Cellar/cmake/3.20.0/share/cmake/Modules/CheckFunctionExists.c:7:3: warning: incompatible redeclaration of library function 'memset' [-Wincompatible-library-redeclaration]
  CHECK_FUNCTION_EXISTS(void);
  ^
<command line>:1:31: note: expanded from here
#define CHECK_FUNCTION_EXISTS memset
                              ^
/usr/local/Cellar/cmake/3.20.0/share/cmake/Modules/CheckFunctionExists.c:7:3: note: 'memset' is a builtin with type 'void *(void *, int, unsigned long)'
<command line>:1:31: note: expanded from here
#define CHECK_FUNCTION_EXISTS memset
                              ^
1 warning generated.
Linking C executable cmTC_16323
/usr/local/Cellar/cmake/3.20.0/bin/cmake -E cmake_link_script CMakeFiles/cmTC_16323.dir/link.txt --verbose=1
/Library/Developer/CommandLineTools/usr/bin/cc  -DCHECK_FUNCTION_EXISTS=memset -isysroot /Library/Developer/CommandLineTools/SDKs/MacOSX11.1.sdk -Wl,-search_paths_first -Wl,-headerpad_max_install_names CMakeFiles/cmTC_16323.dir/CheckFunctionExists.c.o -o cmTC_16323 
ld: warning: directory not found for option '-L/Users/sven/Installed/lib'
ld: warning: directory not found for option '-L/usr/local/opt/fftw3/lib'



Determining if the function memmove exists passed with the following output:
Change Dir: /Users/sven/arbeit/programmiersprachen/CPP/webdabplus/src/libs/fec/CMakeFiles/CMakeTmp

Run Build Command(s):/usr/bin/make -f Makefile cmTC_3b93d/fast && /Library/Developer/CommandLineTools/usr/bin/make  -f CMakeFiles/cmTC_3b93d.dir/build.make CMakeFiles/cmTC_3b93d.dir/build
Building C object CMakeFiles/cmTC_3b93d.dir/CheckFunctionExists.c.o
/Library/Developer/CommandLineTools/usr/bin/cc   -DCHECK_FUNCTION_EXISTS=memmove -isysroot /Library/Developer/CommandLineTools/SDKs/MacOSX11.1.sdk -MD -MT CMakeFiles/cmTC_3b93d.dir/CheckFunctionExists.c.o -MF CMakeFiles/cmTC_3b93d.dir/CheckFunctionExists.c.o.d -o CMakeFiles/cmTC_3b93d.dir/CheckFunctionExists.c.o -c /usr/local/Cellar/cmake/3.20.0/share/cmake/Modules/CheckFunctionExists.c
/usr/local/Cellar/cmake/3.20.0/share/cmake/Modules/CheckFunctionExists.c:7:3: warning: incompatible redeclaration of library function 'memmove' [-Wincompatible-library-redeclaration]
  CHECK_FUNCTION_EXISTS(void);
  ^
<command line>:1:31: note: expanded from here
#define CHECK_FUNCTION_EXISTS memmove
                              ^
/usr/local/Cellar/cmake/3.20.0/share/cmake/Modules/CheckFunctionExists.c:7:3: note: 'memmove' is a builtin with type 'void *(void *, const void *, unsigned long)'
<command line>:1:31: note: expanded from here
#define CHECK_FUNCTION_EXISTS memmove
                              ^
1 warning generated.
Linking C executable cmTC_3b93d
/usr/local/Cellar/cmake/3.20.0/bin/cmake -E cmake_link_script CMakeFiles/cmTC_3b93d.dir/link.txt --verbose=1
/Library/Developer/CommandLineTools/usr/bin/cc  -DCHECK_FUNCTION_EXISTS=memmove -isysroot /Library/Developer/CommandLineTools/SDKs/MacOSX11.1.sdk -Wl,-search_paths_first -Wl,-headerpad_max_install_names CMakeFiles/cmTC_3b93d.dir/CheckFunctionExists.c.o -o cmTC_3b93d 
ld: warning: directory not found for option '-L/Users/sven/Installed/lib'
ld: warning: directory not found for option '-L/usr/local/opt/fftw3/lib'



Determining if the include file memory.h exists passed with the following output:
Change Dir: /Users/sven/arbeit/programmiersprachen/CPP/webdabplus/src/libs/fec/CMakeFiles/CMakeTmp

Run Build Command(s):/usr/bin/make -f Makefile cmTC_a81d7/fast && /Library/Developer/CommandLineTools/usr/bin/make  -f CMakeFiles/cmTC_a81d7.dir/build.make CMakeFiles/cmTC_a81d7.dir/build
Building C object CMakeFiles/cmTC_a81d7.dir/CheckIncludeFile.c.o
/Library/Developer/CommandLineTools/usr/bin/cc   -isysroot /Library/Developer/CommandLineTools/SDKs/MacOSX11.1.sdk -MD -MT CMakeFiles/cmTC_a81d7.dir/CheckIncludeFile.c.o -MF CMakeFiles/cmTC_a81d7.dir/CheckIncludeFile.c.o.d -o CMakeFiles/cmTC_a81d7.dir/CheckIncludeFile.c.o -c /Users/sven/arbeit/programmiersprachen/CPP/webdabplus/src/libs/fec/CMakeFiles/CMakeTmp/CheckIncludeFile.c
Linking C executable cmTC_a81d7
/usr/local/Cellar/cmake/3.20.0/bin/cmake -E cmake_link_script CMakeFiles/cmTC_a81d7.dir/link.txt --verbose=1
/Library/Developer/CommandLineTools/usr/bin/cc  -isysroot /Library/Developer/CommandLineTools/SDKs/MacOSX11.1.sdk -Wl,-search_paths_first -Wl,-headerpad_max_install_names CMakeFiles/cmTC_a81d7.dir/CheckIncludeFile.c.o -o cmTC_a81d7 
ld: warning: directory not found for option '-L/Users/sven/Installed/lib'
ld: warning: directory not found for option '-L/usr/local/opt/fftw3/lib'



Determining if the include file time.h exists passed with the following output:
Change Dir: /Users/sven/arbeit/programmiersprachen/CPP/webdabplus/src/libs/fec/CMakeFiles/CMakeTmp

Run Build Command(s):/usr/bin/make -f Makefile cmTC_77733/fast && /Library/Developer/CommandLineTools/usr/bin/make  -f CMakeFiles/cmTC_77733.dir/build.make CMakeFiles/cmTC_77733.dir/build
Building C object CMakeFiles/cmTC_77733.dir/CheckIncludeFile.c.o
/Library/Developer/CommandLineTools/usr/bin/cc   -isysroot /Library/Developer/CommandLineTools/SDKs/MacOSX11.1.sdk -MD -MT CMakeFiles/cmTC_77733.dir/CheckIncludeFile.c.o -MF CMakeFiles/cmTC_77733.dir/CheckIncludeFile.c.o.d -o CMakeFiles/cmTC_77733.dir/CheckIncludeFile.c.o -c /Users/sven/arbeit/programmiersprachen/CPP/webdabplus/src/libs/fec/CMakeFiles/CMakeTmp/CheckIncludeFile.c
Linking C executable cmTC_77733
/usr/local/Cellar/cmake/3.20.0/bin/cmake -E cmake_link_script CMakeFiles/cmTC_77733.dir/link.txt --verbose=1
/Library/Developer/CommandLineTools/usr/bin/cc  -isysroot /Library/Developer/CommandLineTools/SDKs/MacOSX11.1.sdk -Wl,-search_paths_first -Wl,-headerpad_max_install_names CMakeFiles/cmTC_77733.dir/CheckIncludeFile.c.o -o cmTC_77733 
ld: warning: directory not found for option '-L/Users/sven/Installed/lib'
ld: warning: directory not found for option '-L/usr/local/opt/fftw3/lib'



